<?xml version="1.0" encoding="UTF-8"?>
<testsuite xmlns:xsi="http://www.w3.org/2001/XMLSchema-instance" xsi:noNamespaceSchemaLocation="https://maven.apache.org/surefire/maven-surefire-plugin/xsd/surefire-test-report.xsd" name="DiscreteProbabilityDistributionTest" time="7.516" tests="8" errors="0" skipped="0" failures="0">
  <properties>
[...]
</properties>
  <testcase name="lessThanZero" classname="DiscreteProbabilityDistributionTest" time="0.02"/>
  <testcase name="quantile" classname="DiscreteProbabilityDistributionTest" time="0.003"/>
  <testcase name="speedComparison" classname="DiscreteProbabilityDistributionTest" time="6.294"/>
  <testcase name="greaterThanOne" classname="DiscreteProbabilityDistributionTest" time="0.002"/>
  <testcase name="totalLessThanOne" classname="DiscreteProbabilityDistributionTest" time="0.001"/>
  <testcase name="verifyDistributions" classname="DiscreteProbabilityDistributionTest" time="1.186"/>
  <testcase name="sizeMismatch" classname="DiscreteProbabilityDistributionTest" time="0.001"/>
  <testcase name="nextNum" classname="DiscreteProbabilityDistributionTest" time="0.001"/>
</testsuite>